;  LST file generated by mikroListExporter - v.2.0 
; Date/Time: 6/19/2025 7:43:39 PM
;----------------------------------------------

;Address Opcode 	ASM
0x0000	0x2AD1      	GOTO       721
_music:
;deber.c,78 :: 		void music(char note){
;deber.c,80 :: 		switch(note){
0x0003	0x2AB6      	GOTO       L_music6
;deber.c,81 :: 		case 0x01:
L_music8:
;deber.c,82 :: 		for(i = 0; i <= 100; i++){
0x0004	0x1283      	BCF        STATUS, 5
0x0005	0x1303      	BCF        STATUS, 6
0x0006	0x01F1      	CLRF       R1
0x0007	0x01F2      	CLRF       R1+1
L_music9:
0x0008	0x3080      	MOVLW      128
0x0009	0x00F0      	MOVWF      R0
0x000A	0x3080      	MOVLW      128
0x000B	0x0672      	XORWF      R1+1, 0
0x000C	0x0270      	SUBWF      R0, 0
0x000D	0x1D03      	BTFSS      STATUS, 2
0x000E	0x2811      	GOTO       L__music99
0x000F	0x0871      	MOVF       R1, 0
0x0010	0x3C64      	SUBLW      100
L__music99:
0x0011	0x1C03      	BTFSS      STATUS, 0
0x0012	0x282E      	GOTO       L_music10
;deber.c,83 :: 		PORTB = 0x01;
0x0013	0x1283      	BCF        STATUS, 5
0x0014	0x1303      	BCF        STATUS, 6
0x0015	0x3001      	MOVLW      1
0x0016	0x0086      	MOVWF      PORTB
;deber.c,84 :: 		C4;
0x0017	0x300A      	MOVLW      10
0x0018	0x00FC      	MOVWF      R12
0x0019	0x30F2      	MOVLW      242
0x001A	0x00FD      	MOVWF      R13
L_music12:
0x001B	0x0BFD      	DECFSZ     R13, 1
0x001C	0x281B      	GOTO       L_music12
0x001D	0x0BFC      	DECFSZ     R12, 1
0x001E	0x281B      	GOTO       L_music12
0x001F	0x0000      	NOP
;deber.c,85 :: 		PORTB = 0x00;
0x0020	0x0186      	CLRF       PORTB
;deber.c,86 :: 		C4;
0x0021	0x300A      	MOVLW      10
0x0022	0x00FC      	MOVWF      R12
0x0023	0x30F2      	MOVLW      242
0x0024	0x00FD      	MOVWF      R13
L_music13:
0x0025	0x0BFD      	DECFSZ     R13, 1
0x0026	0x2825      	GOTO       L_music13
0x0027	0x0BFC      	DECFSZ     R12, 1
0x0028	0x2825      	GOTO       L_music13
0x0029	0x0000      	NOP
;deber.c,82 :: 		for(i = 0; i <= 100; i++){
0x002A	0x0AF1      	INCF       R1, 1
0x002B	0x1903      	BTFSC      STATUS, 2
0x002C	0x0AF2      	INCF       R1+1, 1
;deber.c,87 :: 		}
0x002D	0x2808      	GOTO       L_music9
L_music10:
;deber.c,88 :: 		Delay_ms(10);
0x002E	0x301A      	MOVLW      26
0x002F	0x00FC      	MOVWF      R12
0x0030	0x30F8      	MOVLW      248
0x0031	0x00FD      	MOVWF      R13
L_music14:
0x0032	0x0BFD      	DECFSZ     R13, 1
0x0033	0x2832      	GOTO       L_music14
0x0034	0x0BFC      	DECFSZ     R12, 1
0x0035	0x2832      	GOTO       L_music14
0x0036	0x0000      	NOP
;deber.c,89 :: 		for(i = 0; i <= 100; i++){
0x0037	0x01F1      	CLRF       R1
0x0038	0x01F2      	CLRF       R1+1
L_music15:
0x0039	0x3080      	MOVLW      128
0x003A	0x00F0      	MOVWF      R0
0x003B	0x3080      	MOVLW      128
0x003C	0x0672      	XORWF      R1+1, 0
0x003D	0x0270      	SUBWF      R0, 0
0x003E	0x1D03      	BTFSS      STATUS, 2
0x003F	0x2842      	GOTO       L__music100
0x0040	0x0871      	MOVF       R1, 0
0x0041	0x3C64      	SUBLW      100
L__music100:
0x0042	0x1C03      	BTFSS      STATUS, 0
0x0043	0x285F      	GOTO       L_music16
;deber.c,90 :: 		PORTB = 0x01;
0x0044	0x1283      	BCF        STATUS, 5
0x0045	0x1303      	BCF        STATUS, 6
0x0046	0x3001      	MOVLW      1
0x0047	0x0086      	MOVWF      PORTB
;deber.c,91 :: 		D4;
0x0048	0x3009      	MOVLW      9
0x0049	0x00FC      	MOVWF      R12
0x004A	0x30D4      	MOVLW      212
0x004B	0x00FD      	MOVWF      R13
L_music18:
0x004C	0x0BFD      	DECFSZ     R13, 1
0x004D	0x284C      	GOTO       L_music18
0x004E	0x0BFC      	DECFSZ     R12, 1
0x004F	0x284C      	GOTO       L_music18
0x0050	0x0000      	NOP
;deber.c,92 :: 		PORTB = 0x00;
0x0051	0x0186      	CLRF       PORTB
;deber.c,93 :: 		D4;
0x0052	0x3009      	MOVLW      9
0x0053	0x00FC      	MOVWF      R12
0x0054	0x30D4      	MOVLW      212
0x0055	0x00FD      	MOVWF      R13
L_music19:
0x0056	0x0BFD      	DECFSZ     R13, 1
0x0057	0x2856      	GOTO       L_music19
0x0058	0x0BFC      	DECFSZ     R12, 1
0x0059	0x2856      	GOTO       L_music19
0x005A	0x0000      	NOP
;deber.c,89 :: 		for(i = 0; i <= 100; i++){
0x005B	0x0AF1      	INCF       R1, 1
0x005C	0x1903      	BTFSC      STATUS, 2
0x005D	0x0AF2      	INCF       R1+1, 1
;deber.c,94 :: 		}
0x005E	0x2839      	GOTO       L_music15
L_music16:
;deber.c,95 :: 		Delay_ms(10);
0x005F	0x301A      	MOVLW      26
0x0060	0x00FC      	MOVWF      R12
0x0061	0x30F8      	MOVLW      248
0x0062	0x00FD      	MOVWF      R13
L_music20:
0x0063	0x0BFD      	DECFSZ     R13, 1
0x0064	0x2863      	GOTO       L_music20
0x0065	0x0BFC      	DECFSZ     R12, 1
0x0066	0x2863      	GOTO       L_music20
0x0067	0x0000      	NOP
;deber.c,96 :: 		for(i = 0; i <= 100; i++){
0x0068	0x01F1      	CLRF       R1
0x0069	0x01F2      	CLRF       R1+1
L_music21:
0x006A	0x3080      	MOVLW      128
0x006B	0x00F0      	MOVWF      R0
0x006C	0x3080      	MOVLW      128
0x006D	0x0672      	XORWF      R1+1, 0
0x006E	0x0270      	SUBWF      R0, 0
0x006F	0x1D03      	BTFSS      STATUS, 2
0x0070	0x2873      	GOTO       L__music101
0x0071	0x0871      	MOVF       R1, 0
0x0072	0x3C64      	SUBLW      100
L__music101:
0x0073	0x1C03      	BTFSS      STATUS, 0
0x0074	0x288E      	GOTO       L_music22
;deber.c,97 :: 		PORTB = 0x01;
0x0075	0x1283      	BCF        STATUS, 5
0x0076	0x1303      	BCF        STATUS, 6
0x0077	0x3001      	MOVLW      1
0x0078	0x0086      	MOVWF      PORTB
;deber.c,98 :: 		G4;
0x0079	0x3007      	MOVLW      7
0x007A	0x00FC      	MOVWF      R12
0x007B	0x309F      	MOVLW      159
0x007C	0x00FD      	MOVWF      R13
L_music24:
0x007D	0x0BFD      	DECFSZ     R13, 1
0x007E	0x287D      	GOTO       L_music24
0x007F	0x0BFC      	DECFSZ     R12, 1
0x0080	0x287D      	GOTO       L_music24
;deber.c,99 :: 		PORTB = 0x00;
0x0081	0x0186      	CLRF       PORTB
;deber.c,100 :: 		G4;
0x0082	0x3007      	MOVLW      7
0x0083	0x00FC      	MOVWF      R12
0x0084	0x309F      	MOVLW      159
0x0085	0x00FD      	MOVWF      R13
L_music25:
0x0086	0x0BFD      	DECFSZ     R13, 1
0x0087	0x2886      	GOTO       L_music25
0x0088	0x0BFC      	DECFSZ     R12, 1
0x0089	0x2886      	GOTO       L_music25
;deber.c,96 :: 		for(i = 0; i <= 100; i++){
0x008A	0x0AF1      	INCF       R1, 1
0x008B	0x1903      	BTFSC      STATUS, 2
0x008C	0x0AF2      	INCF       R1+1, 1
;deber.c,101 :: 		}
0x008D	0x286A      	GOTO       L_music21
L_music22:
;deber.c,103 :: 		break;
0x008E	0x2AD0      	GOTO       L_music7
;deber.c,104 :: 		case 0x02:
L_music26:
;deber.c,105 :: 		for(i = 0; i <= 50; i++){
0x008F	0x01F1      	CLRF       R1
0x0090	0x01F2      	CLRF       R1+1
L_music27:
0x0091	0x3080      	MOVLW      128
0x0092	0x00F0      	MOVWF      R0
0x0093	0x3080      	MOVLW      128
0x0094	0x0672      	XORWF      R1+1, 0
0x0095	0x0270      	SUBWF      R0, 0
0x0096	0x1D03      	BTFSS      STATUS, 2
0x0097	0x289A      	GOTO       L__music102
0x0098	0x0871      	MOVF       R1, 0
0x0099	0x3C32      	SUBLW      50
L__music102:
0x009A	0x1C03      	BTFSS      STATUS, 0
0x009B	0x28B9      	GOTO       L_music28
;deber.c,106 :: 		PORTB = 0x01;
0x009C	0x1283      	BCF        STATUS, 5
0x009D	0x1303      	BCF        STATUS, 6
0x009E	0x3001      	MOVLW      1
0x009F	0x0086      	MOVWF      PORTB
;deber.c,107 :: 		F4;
0x00A0	0x3008      	MOVLW      8
0x00A1	0x00FC      	MOVWF      R12
0x00A2	0x306F      	MOVLW      111
0x00A3	0x00FD      	MOVWF      R13
L_music30:
0x00A4	0x0BFD      	DECFSZ     R13, 1
0x00A5	0x28A4      	GOTO       L_music30
0x00A6	0x0BFC      	DECFSZ     R12, 1
0x00A7	0x28A4      	GOTO       L_music30
0x00A8	0x0000      	NOP
0x00A9	0x0000      	NOP
;deber.c,108 :: 		PORTB = 0x00;
0x00AA	0x0186      	CLRF       PORTB
;deber.c,109 :: 		F4;
0x00AB	0x3008      	MOVLW      8
0x00AC	0x00FC      	MOVWF      R12
0x00AD	0x306F      	MOVLW      111
0x00AE	0x00FD      	MOVWF      R13
L_music31:
0x00AF	0x0BFD      	DECFSZ     R13, 1
0x00B0	0x28AF      	GOTO       L_music31
0x00B1	0x0BFC      	DECFSZ     R12, 1
0x00B2	0x28AF      	GOTO       L_music31
0x00B3	0x0000      	NOP
0x00B4	0x0000      	NOP
;deber.c,105 :: 		for(i = 0; i <= 50; i++){
0x00B5	0x0AF1      	INCF       R1, 1
0x00B6	0x1903      	BTFSC      STATUS, 2
0x00B7	0x0AF2      	INCF       R1+1, 1
;deber.c,110 :: 		}
0x00B8	0x2891      	GOTO       L_music27
L_music28:
;deber.c,111 :: 		Delay_ms(100);
0x00B9	0x3002      	MOVLW      2
0x00BA	0x00FB      	MOVWF      R11
0x00BB	0x3004      	MOVLW      4
0x00BC	0x00FC      	MOVWF      R12
0x00BD	0x30BA      	MOVLW      186
0x00BE	0x00FD      	MOVWF      R13
L_music32:
0x00BF	0x0BFD      	DECFSZ     R13, 1
0x00C0	0x28BF      	GOTO       L_music32
0x00C1	0x0BFC      	DECFSZ     R12, 1
0x00C2	0x28BF      	GOTO       L_music32
0x00C3	0x0BFB      	DECFSZ     R11, 1
0x00C4	0x28BF      	GOTO       L_music32
0x00C5	0x0000      	NOP
;deber.c,112 :: 		for(i = 0; i <= 100; i++){
0x00C6	0x01F1      	CLRF       R1
0x00C7	0x01F2      	CLRF       R1+1
L_music33:
0x00C8	0x3080      	MOVLW      128
0x00C9	0x00F0      	MOVWF      R0
0x00CA	0x3080      	MOVLW      128
0x00CB	0x0672      	XORWF      R1+1, 0
0x00CC	0x0270      	SUBWF      R0, 0
0x00CD	0x1D03      	BTFSS      STATUS, 2
0x00CE	0x28D1      	GOTO       L__music103
0x00CF	0x0871      	MOVF       R1, 0
0x00D0	0x3C64      	SUBLW      100
L__music103:
0x00D1	0x1C03      	BTFSS      STATUS, 0
0x00D2	0x28EC      	GOTO       L_music34
;deber.c,113 :: 		PORTB = 0x01;
0x00D3	0x1283      	BCF        STATUS, 5
0x00D4	0x1303      	BCF        STATUS, 6
0x00D5	0x3001      	MOVLW      1
0x00D6	0x0086      	MOVWF      PORTB
;deber.c,114 :: 		G4;
0x00D7	0x3007      	MOVLW      7
0x00D8	0x00FC      	MOVWF      R12
0x00D9	0x309F      	MOVLW      159
0x00DA	0x00FD      	MOVWF      R13
L_music36:
0x00DB	0x0BFD      	DECFSZ     R13, 1
0x00DC	0x28DB      	GOTO       L_music36
0x00DD	0x0BFC      	DECFSZ     R12, 1
0x00DE	0x28DB      	GOTO       L_music36
;deber.c,115 :: 		PORTB = 0x00;
0x00DF	0x0186      	CLRF       PORTB
;deber.c,116 :: 		G4;
0x00E0	0x3007      	MOVLW      7
0x00E1	0x00FC      	MOVWF      R12
0x00E2	0x309F      	MOVLW      159
0x00E3	0x00FD      	MOVWF      R13
L_music37:
0x00E4	0x0BFD      	DECFSZ     R13, 1
0x00E5	0x28E4      	GOTO       L_music37
0x00E6	0x0BFC      	DECFSZ     R12, 1
0x00E7	0x28E4      	GOTO       L_music37
;deber.c,112 :: 		for(i = 0; i <= 100; i++){
0x00E8	0x0AF1      	INCF       R1, 1
0x00E9	0x1903      	BTFSC      STATUS, 2
0x00EA	0x0AF2      	INCF       R1+1, 1
;deber.c,117 :: 		}
0x00EB	0x28C8      	GOTO       L_music33
L_music34:
;deber.c,118 :: 		Delay_ms(100);
0x00EC	0x3002      	MOVLW      2
0x00ED	0x00FB      	MOVWF      R11
0x00EE	0x3004      	MOVLW      4
0x00EF	0x00FC      	MOVWF      R12
0x00F0	0x30BA      	MOVLW      186
0x00F1	0x00FD      	MOVWF      R13
L_music38:
0x00F2	0x0BFD      	DECFSZ     R13, 1
0x00F3	0x28F2      	GOTO       L_music38
0x00F4	0x0BFC      	DECFSZ     R12, 1
0x00F5	0x28F2      	GOTO       L_music38
0x00F6	0x0BFB      	DECFSZ     R11, 1
0x00F7	0x28F2      	GOTO       L_music38
0x00F8	0x0000      	NOP
;deber.c,120 :: 		break;
0x00F9	0x2AD0      	GOTO       L_music7
;deber.c,121 :: 		case 0x03:
L_music39:
;deber.c,122 :: 		for(i = 0; i <= 50; i++){
0x00FA	0x01F1      	CLRF       R1
0x00FB	0x01F2      	CLRF       R1+1
L_music40:
0x00FC	0x3080      	MOVLW      128
0x00FD	0x00F0      	MOVWF      R0
0x00FE	0x3080      	MOVLW      128
0x00FF	0x0672      	XORWF      R1+1, 0
0x0100	0x0270      	SUBWF      R0, 0
0x0101	0x1D03      	BTFSS      STATUS, 2
0x0102	0x2905      	GOTO       L__music104
0x0103	0x0871      	MOVF       R1, 0
0x0104	0x3C32      	SUBLW      50
L__music104:
0x0105	0x1C03      	BTFSS      STATUS, 0
0x0106	0x2924      	GOTO       L_music41
;deber.c,123 :: 		PORTB = 0x01;
0x0107	0x1283      	BCF        STATUS, 5
0x0108	0x1303      	BCF        STATUS, 6
0x0109	0x3001      	MOVLW      1
0x010A	0x0086      	MOVWF      PORTB
;deber.c,124 :: 		F4;
0x010B	0x3008      	MOVLW      8
0x010C	0x00FC      	MOVWF      R12
0x010D	0x306F      	MOVLW      111
0x010E	0x00FD      	MOVWF      R13
L_music43:
0x010F	0x0BFD      	DECFSZ     R13, 1
0x0110	0x290F      	GOTO       L_music43
0x0111	0x0BFC      	DECFSZ     R12, 1
0x0112	0x290F      	GOTO       L_music43
0x0113	0x0000      	NOP
0x0114	0x0000      	NOP
;deber.c,125 :: 		PORTB = 0x00;
0x0115	0x0186      	CLRF       PORTB
;deber.c,126 :: 		F4;
0x0116	0x3008      	MOVLW      8
0x0117	0x00FC      	MOVWF      R12
0x0118	0x306F      	MOVLW      111
0x0119	0x00FD      	MOVWF      R13
L_music44:
0x011A	0x0BFD      	DECFSZ     R13, 1
0x011B	0x291A      	GOTO       L_music44
0x011C	0x0BFC      	DECFSZ     R12, 1
0x011D	0x291A      	GOTO       L_music44
0x011E	0x0000      	NOP
0x011F	0x0000      	NOP
;deber.c,122 :: 		for(i = 0; i <= 50; i++){
0x0120	0x0AF1      	INCF       R1, 1
0x0121	0x1903      	BTFSC      STATUS, 2
0x0122	0x0AF2      	INCF       R1+1, 1
;deber.c,127 :: 		}
0x0123	0x28FC      	GOTO       L_music40
L_music41:
;deber.c,128 :: 		Delay_ms(60);
0x0124	0x309C      	MOVLW      156
0x0125	0x00FC      	MOVWF      R12
0x0126	0x30D7      	MOVLW      215
0x0127	0x00FD      	MOVWF      R13
L_music45:
0x0128	0x0BFD      	DECFSZ     R13, 1
0x0129	0x2928      	GOTO       L_music45
0x012A	0x0BFC      	DECFSZ     R12, 1
0x012B	0x2928      	GOTO       L_music45
;deber.c,129 :: 		for(i = 0; i <= 100; i++){
0x012C	0x01F1      	CLRF       R1
0x012D	0x01F2      	CLRF       R1+1
L_music46:
0x012E	0x3080      	MOVLW      128
0x012F	0x00F0      	MOVWF      R0
0x0130	0x3080      	MOVLW      128
0x0131	0x0672      	XORWF      R1+1, 0
0x0132	0x0270      	SUBWF      R0, 0
0x0133	0x1D03      	BTFSS      STATUS, 2
0x0134	0x2937      	GOTO       L__music105
0x0135	0x0871      	MOVF       R1, 0
0x0136	0x3C64      	SUBLW      100
L__music105:
0x0137	0x1C03      	BTFSS      STATUS, 0
0x0138	0x2952      	GOTO       L_music47
;deber.c,130 :: 		PORTB = 0x01;
0x0139	0x1283      	BCF        STATUS, 5
0x013A	0x1303      	BCF        STATUS, 6
0x013B	0x3001      	MOVLW      1
0x013C	0x0086      	MOVWF      PORTB
;deber.c,131 :: 		G4;
0x013D	0x3007      	MOVLW      7
0x013E	0x00FC      	MOVWF      R12
0x013F	0x309F      	MOVLW      159
0x0140	0x00FD      	MOVWF      R13
L_music49:
0x0141	0x0BFD      	DECFSZ     R13, 1
0x0142	0x2941      	GOTO       L_music49
0x0143	0x0BFC      	DECFSZ     R12, 1
0x0144	0x2941      	GOTO       L_music49
;deber.c,132 :: 		PORTB = 0x00;
0x0145	0x0186      	CLRF       PORTB
;deber.c,133 :: 		G4;
0x0146	0x3007      	MOVLW      7
0x0147	0x00FC      	MOVWF      R12
0x0148	0x309F      	MOVLW      159
0x0149	0x00FD      	MOVWF      R13
L_music50:
0x014A	0x0BFD      	DECFSZ     R13, 1
0x014B	0x294A      	GOTO       L_music50
0x014C	0x0BFC      	DECFSZ     R12, 1
0x014D	0x294A      	GOTO       L_music50
;deber.c,129 :: 		for(i = 0; i <= 100; i++){
0x014E	0x0AF1      	INCF       R1, 1
0x014F	0x1903      	BTFSC      STATUS, 2
0x0150	0x0AF2      	INCF       R1+1, 1
;deber.c,134 :: 		}
0x0151	0x292E      	GOTO       L_music46
L_music47:
;deber.c,135 :: 		Delay_ms(60);
0x0152	0x309C      	MOVLW      156
0x0153	0x00FC      	MOVWF      R12
0x0154	0x30D7      	MOVLW      215
0x0155	0x00FD      	MOVWF      R13
L_music51:
0x0156	0x0BFD      	DECFSZ     R13, 1
0x0157	0x2956      	GOTO       L_music51
0x0158	0x0BFC      	DECFSZ     R12, 1
0x0159	0x2956      	GOTO       L_music51
;deber.c,137 :: 		break;
0x015A	0x2AD0      	GOTO       L_music7
;deber.c,138 :: 		case 0x04:
L_music52:
;deber.c,139 :: 		for(i = 0; i <= 50; i++){
0x015B	0x01F1      	CLRF       R1
0x015C	0x01F2      	CLRF       R1+1
L_music53:
0x015D	0x3080      	MOVLW      128
0x015E	0x00F0      	MOVWF      R0
0x015F	0x3080      	MOVLW      128
0x0160	0x0672      	XORWF      R1+1, 0
0x0161	0x0270      	SUBWF      R0, 0
0x0162	0x1D03      	BTFSS      STATUS, 2
0x0163	0x2966      	GOTO       L__music106
0x0164	0x0871      	MOVF       R1, 0
0x0165	0x3C32      	SUBLW      50
L__music106:
0x0166	0x1C03      	BTFSS      STATUS, 0
0x0167	0x2985      	GOTO       L_music54
;deber.c,140 :: 		PORTB = 0x01;
0x0168	0x1283      	BCF        STATUS, 5
0x0169	0x1303      	BCF        STATUS, 6
0x016A	0x3001      	MOVLW      1
0x016B	0x0086      	MOVWF      PORTB
;deber.c,141 :: 		F4;
0x016C	0x3008      	MOVLW      8
0x016D	0x00FC      	MOVWF      R12
0x016E	0x306F      	MOVLW      111
0x016F	0x00FD      	MOVWF      R13
L_music56:
0x0170	0x0BFD      	DECFSZ     R13, 1
0x0171	0x2970      	GOTO       L_music56
0x0172	0x0BFC      	DECFSZ     R12, 1
0x0173	0x2970      	GOTO       L_music56
0x0174	0x0000      	NOP
0x0175	0x0000      	NOP
;deber.c,142 :: 		PORTB = 0x00;
0x0176	0x0186      	CLRF       PORTB
;deber.c,143 :: 		F4;
0x0177	0x3008      	MOVLW      8
0x0178	0x00FC      	MOVWF      R12
0x0179	0x306F      	MOVLW      111
0x017A	0x00FD      	MOVWF      R13
L_music57:
0x017B	0x0BFD      	DECFSZ     R13, 1
0x017C	0x297B      	GOTO       L_music57
0x017D	0x0BFC      	DECFSZ     R12, 1
0x017E	0x297B      	GOTO       L_music57
0x017F	0x0000      	NOP
0x0180	0x0000      	NOP
;deber.c,139 :: 		for(i = 0; i <= 50; i++){
0x0181	0x0AF1      	INCF       R1, 1
0x0182	0x1903      	BTFSC      STATUS, 2
0x0183	0x0AF2      	INCF       R1+1, 1
;deber.c,144 :: 		}
0x0184	0x295D      	GOTO       L_music53
L_music54:
;deber.c,145 :: 		Delay_ms(20);
0x0185	0x3034      	MOVLW      52
0x0186	0x00FC      	MOVWF      R12
0x0187	0x30F1      	MOVLW      241
0x0188	0x00FD      	MOVWF      R13
L_music58:
0x0189	0x0BFD      	DECFSZ     R13, 1
0x018A	0x2989      	GOTO       L_music58
0x018B	0x0BFC      	DECFSZ     R12, 1
0x018C	0x2989      	GOTO       L_music58
0x018D	0x0000      	NOP
0x018E	0x0000      	NOP
;deber.c,146 :: 		for(i = 0; i <= 100; i++){
0x018F	0x01F1      	CLRF       R1
0x0190	0x01F2      	CLRF       R1+1
L_music59:
0x0191	0x3080      	MOVLW      128
0x0192	0x00F0      	MOVWF      R0
0x0193	0x3080      	MOVLW      128
0x0194	0x0672      	XORWF      R1+1, 0
0x0195	0x0270      	SUBWF      R0, 0
0x0196	0x1D03      	BTFSS      STATUS, 2
0x0197	0x299A      	GOTO       L__music107
0x0198	0x0871      	MOVF       R1, 0
0x0199	0x3C64      	SUBLW      100
L__music107:
0x019A	0x1C03      	BTFSS      STATUS, 0
0x019B	0x29B5      	GOTO       L_music60
;deber.c,147 :: 		PORTB = 0x01;
0x019C	0x1283      	BCF        STATUS, 5
0x019D	0x1303      	BCF        STATUS, 6
0x019E	0x3001      	MOVLW      1
0x019F	0x0086      	MOVWF      PORTB
;deber.c,148 :: 		G4;
0x01A0	0x3007      	MOVLW      7
0x01A1	0x00FC      	MOVWF      R12
0x01A2	0x309F      	MOVLW      159
0x01A3	0x00FD      	MOVWF      R13
L_music62:
0x01A4	0x0BFD      	DECFSZ     R13, 1
0x01A5	0x29A4      	GOTO       L_music62
0x01A6	0x0BFC      	DECFSZ     R12, 1
0x01A7	0x29A4      	GOTO       L_music62
;deber.c,149 :: 		PORTB = 0x00;
0x01A8	0x0186      	CLRF       PORTB
;deber.c,150 :: 		G4;
0x01A9	0x3007      	MOVLW      7
0x01AA	0x00FC      	MOVWF      R12
0x01AB	0x309F      	MOVLW      159
0x01AC	0x00FD      	MOVWF      R13
L_music63:
0x01AD	0x0BFD      	DECFSZ     R13, 1
0x01AE	0x29AD      	GOTO       L_music63
0x01AF	0x0BFC      	DECFSZ     R12, 1
0x01B0	0x29AD      	GOTO       L_music63
;deber.c,146 :: 		for(i = 0; i <= 100; i++){
0x01B1	0x0AF1      	INCF       R1, 1
0x01B2	0x1903      	BTFSC      STATUS, 2
0x01B3	0x0AF2      	INCF       R1+1, 1
;deber.c,151 :: 		}
0x01B4	0x2991      	GOTO       L_music59
L_music60:
;deber.c,152 :: 		Delay_ms(20);
0x01B5	0x3034      	MOVLW      52
0x01B6	0x00FC      	MOVWF      R12
0x01B7	0x30F1      	MOVLW      241
0x01B8	0x00FD      	MOVWF      R13
L_music64:
0x01B9	0x0BFD      	DECFSZ     R13, 1
0x01BA	0x29B9      	GOTO       L_music64
0x01BB	0x0BFC      	DECFSZ     R12, 1
0x01BC	0x29B9      	GOTO       L_music64
0x01BD	0x0000      	NOP
0x01BE	0x0000      	NOP
;deber.c,153 :: 		case 0x05:
L_music65:
;deber.c,154 :: 		for(i = 0; i <= 25; i++){
0x01BF	0x01F1      	CLRF       R1
0x01C0	0x01F2      	CLRF       R1+1
L_music66:
0x01C1	0x3080      	MOVLW      128
0x01C2	0x00F0      	MOVWF      R0
0x01C3	0x3080      	MOVLW      128
0x01C4	0x0672      	XORWF      R1+1, 0
0x01C5	0x0270      	SUBWF      R0, 0
0x01C6	0x1D03      	BTFSS      STATUS, 2
0x01C7	0x29CA      	GOTO       L__music108
0x01C8	0x0871      	MOVF       R1, 0
0x01C9	0x3C19      	SUBLW      25
L__music108:
0x01CA	0x1C03      	BTFSS      STATUS, 0
0x01CB	0x29E7      	GOTO       L_music67
;deber.c,155 :: 		PORTB = 0x01;
0x01CC	0x1283      	BCF        STATUS, 5
0x01CD	0x1303      	BCF        STATUS, 6
0x01CE	0x3001      	MOVLW      1
0x01CF	0x0086      	MOVWF      PORTB
;deber.c,156 :: 		C4;
0x01D0	0x300A      	MOVLW      10
0x01D1	0x00FC      	MOVWF      R12
0x01D2	0x30F2      	MOVLW      242
0x01D3	0x00FD      	MOVWF      R13
L_music69:
0x01D4	0x0BFD      	DECFSZ     R13, 1
0x01D5	0x29D4      	GOTO       L_music69
0x01D6	0x0BFC      	DECFSZ     R12, 1
0x01D7	0x29D4      	GOTO       L_music69
0x01D8	0x0000      	NOP
;deber.c,157 :: 		PORTB = 0x00;
0x01D9	0x0186      	CLRF       PORTB
;deber.c,158 :: 		C4;
0x01DA	0x300A      	MOVLW      10
0x01DB	0x00FC      	MOVWF      R12
0x01DC	0x30F2      	MOVLW      242
0x01DD	0x00FD      	MOVWF      R13
L_music70:
0x01DE	0x0BFD      	DECFSZ     R13, 1
0x01DF	0x29DE      	GOTO       L_music70
0x01E0	0x0BFC      	DECFSZ     R12, 1
0x01E1	0x29DE      	GOTO       L_music70
0x01E2	0x0000      	NOP
;deber.c,154 :: 		for(i = 0; i <= 25; i++){
0x01E3	0x0AF1      	INCF       R1, 1
0x01E4	0x1903      	BTFSC      STATUS, 2
0x01E5	0x0AF2      	INCF       R1+1, 1
;deber.c,159 :: 		}
0x01E6	0x29C1      	GOTO       L_music66
L_music67:
;deber.c,160 :: 		Delay_ms(10);
0x01E7	0x301A      	MOVLW      26
0x01E8	0x00FC      	MOVWF      R12
0x01E9	0x30F8      	MOVLW      248
0x01EA	0x00FD      	MOVWF      R13
L_music71:
0x01EB	0x0BFD      	DECFSZ     R13, 1
0x01EC	0x29EB      	GOTO       L_music71
0x01ED	0x0BFC      	DECFSZ     R12, 1
0x01EE	0x29EB      	GOTO       L_music71
0x01EF	0x0000      	NOP
;deber.c,161 :: 		for(i = 0; i <= 25; i++){
0x01F0	0x01F1      	CLRF       R1
0x01F1	0x01F2      	CLRF       R1+1
L_music72:
0x01F2	0x3080      	MOVLW      128
0x01F3	0x00F0      	MOVWF      R0
0x01F4	0x3080      	MOVLW      128
0x01F5	0x0672      	XORWF      R1+1, 0
0x01F6	0x0270      	SUBWF      R0, 0
0x01F7	0x1D03      	BTFSS      STATUS, 2
0x01F8	0x29FB      	GOTO       L__music109
0x01F9	0x0871      	MOVF       R1, 0
0x01FA	0x3C19      	SUBLW      25
L__music109:
0x01FB	0x1C03      	BTFSS      STATUS, 0
0x01FC	0x2A16      	GOTO       L_music73
;deber.c,162 :: 		PORTB = 0x01;
0x01FD	0x1283      	BCF        STATUS, 5
0x01FE	0x1303      	BCF        STATUS, 6
0x01FF	0x3001      	MOVLW      1
0x0200	0x0086      	MOVWF      PORTB
;deber.c,163 :: 		G4;
0x0201	0x3007      	MOVLW      7
0x0202	0x00FC      	MOVWF      R12
0x0203	0x309F      	MOVLW      159
0x0204	0x00FD      	MOVWF      R13
L_music75:
0x0205	0x0BFD      	DECFSZ     R13, 1
0x0206	0x2A05      	GOTO       L_music75
0x0207	0x0BFC      	DECFSZ     R12, 1
0x0208	0x2A05      	GOTO       L_music75
;deber.c,164 :: 		PORTB = 0x00;
0x0209	0x0186      	CLRF       PORTB
;deber.c,165 :: 		G4;
0x020A	0x3007      	MOVLW      7
0x020B	0x00FC      	MOVWF      R12
0x020C	0x309F      	MOVLW      159
0x020D	0x00FD      	MOVWF      R13
L_music76:
0x020E	0x0BFD      	DECFSZ     R13, 1
0x020F	0x2A0E      	GOTO       L_music76
0x0210	0x0BFC      	DECFSZ     R12, 1
0x0211	0x2A0E      	GOTO       L_music76
;deber.c,161 :: 		for(i = 0; i <= 25; i++){
0x0212	0x0AF1      	INCF       R1, 1
0x0213	0x1903      	BTFSC      STATUS, 2
0x0214	0x0AF2      	INCF       R1+1, 1
;deber.c,166 :: 		}
0x0215	0x29F2      	GOTO       L_music72
L_music73:
;deber.c,167 :: 		Delay_ms(10);
0x0216	0x301A      	MOVLW      26
0x0217	0x00FC      	MOVWF      R12
0x0218	0x30F8      	MOVLW      248
0x0219	0x00FD      	MOVWF      R13
L_music77:
0x021A	0x0BFD      	DECFSZ     R13, 1
0x021B	0x2A1A      	GOTO       L_music77
0x021C	0x0BFC      	DECFSZ     R12, 1
0x021D	0x2A1A      	GOTO       L_music77
0x021E	0x0000      	NOP
;deber.c,169 :: 		break;
0x021F	0x2AD0      	GOTO       L_music7
;deber.c,171 :: 		case 0x06:
L_music78:
;deber.c,172 :: 		for(i = 0; i <= 25; i++){
0x0220	0x01F1      	CLRF       R1
0x0221	0x01F2      	CLRF       R1+1
L_music79:
0x0222	0x3080      	MOVLW      128
0x0223	0x00F0      	MOVWF      R0
0x0224	0x3080      	MOVLW      128
0x0225	0x0672      	XORWF      R1+1, 0
0x0226	0x0270      	SUBWF      R0, 0
0x0227	0x1D03      	BTFSS      STATUS, 2
0x0228	0x2A2B      	GOTO       L__music110
0x0229	0x0871      	MOVF       R1, 0
0x022A	0x3C19      	SUBLW      25
L__music110:
0x022B	0x1C03      	BTFSS      STATUS, 0
0x022C	0x2A46      	GOTO       L_music80
;deber.c,173 :: 		PORTB = 0x01;
0x022D	0x1283      	BCF        STATUS, 5
0x022E	0x1303      	BCF        STATUS, 6
0x022F	0x3001      	MOVLW      1
0x0230	0x0086      	MOVWF      PORTB
;deber.c,174 :: 		G4;
0x0231	0x3007      	MOVLW      7
0x0232	0x00FC      	MOVWF      R12
0x0233	0x309F      	MOVLW      159
0x0234	0x00FD      	MOVWF      R13
L_music82:
0x0235	0x0BFD      	DECFSZ     R13, 1
0x0236	0x2A35      	GOTO       L_music82
0x0237	0x0BFC      	DECFSZ     R12, 1
0x0238	0x2A35      	GOTO       L_music82
;deber.c,175 :: 		PORTB = 0x00;
0x0239	0x0186      	CLRF       PORTB
;deber.c,176 :: 		G4;
0x023A	0x3007      	MOVLW      7
0x023B	0x00FC      	MOVWF      R12
0x023C	0x309F      	MOVLW      159
0x023D	0x00FD      	MOVWF      R13
L_music83:
0x023E	0x0BFD      	DECFSZ     R13, 1
0x023F	0x2A3E      	GOTO       L_music83
0x0240	0x0BFC      	DECFSZ     R12, 1
0x0241	0x2A3E      	GOTO       L_music83
;deber.c,172 :: 		for(i = 0; i <= 25; i++){
0x0242	0x0AF1      	INCF       R1, 1
0x0243	0x1903      	BTFSC      STATUS, 2
0x0244	0x0AF2      	INCF       R1+1, 1
;deber.c,177 :: 		}
0x0245	0x2A22      	GOTO       L_music79
L_music80:
;deber.c,178 :: 		Delay_ms(10);
0x0246	0x301A      	MOVLW      26
0x0247	0x00FC      	MOVWF      R12
0x0248	0x30F8      	MOVLW      248
0x0249	0x00FD      	MOVWF      R13
L_music84:
0x024A	0x0BFD      	DECFSZ     R13, 1
0x024B	0x2A4A      	GOTO       L_music84
0x024C	0x0BFC      	DECFSZ     R12, 1
0x024D	0x2A4A      	GOTO       L_music84
0x024E	0x0000      	NOP
;deber.c,179 :: 		for(i = 0; i <= 75; i++){
0x024F	0x01F1      	CLRF       R1
0x0250	0x01F2      	CLRF       R1+1
L_music85:
0x0251	0x3080      	MOVLW      128
0x0252	0x00F0      	MOVWF      R0
0x0253	0x3080      	MOVLW      128
0x0254	0x0672      	XORWF      R1+1, 0
0x0255	0x0270      	SUBWF      R0, 0
0x0256	0x1D03      	BTFSS      STATUS, 2
0x0257	0x2A5A      	GOTO       L__music111
0x0258	0x0871      	MOVF       R1, 0
0x0259	0x3C4B      	SUBLW      75
L__music111:
0x025A	0x1C03      	BTFSS      STATUS, 0
0x025B	0x2A79      	GOTO       L_music86
;deber.c,180 :: 		PORTB = 0x01;
0x025C	0x1283      	BCF        STATUS, 5
0x025D	0x1303      	BCF        STATUS, 6
0x025E	0x3001      	MOVLW      1
0x025F	0x0086      	MOVWF      PORTB
;deber.c,181 :: 		E4;
0x0260	0x3008      	MOVLW      8
0x0261	0x00FC      	MOVWF      R12
0x0262	0x30E3      	MOVLW      227
0x0263	0x00FD      	MOVWF      R13
L_music88:
0x0264	0x0BFD      	DECFSZ     R13, 1
0x0265	0x2A64      	GOTO       L_music88
0x0266	0x0BFC      	DECFSZ     R12, 1
0x0267	0x2A64      	GOTO       L_music88
0x0268	0x0000      	NOP
0x0269	0x0000      	NOP
;deber.c,182 :: 		PORTB = 0x00;
0x026A	0x0186      	CLRF       PORTB
;deber.c,183 :: 		E4;
0x026B	0x3008      	MOVLW      8
0x026C	0x00FC      	MOVWF      R12
0x026D	0x30E3      	MOVLW      227
0x026E	0x00FD      	MOVWF      R13
L_music89:
0x026F	0x0BFD      	DECFSZ     R13, 1
0x0270	0x2A6F      	GOTO       L_music89
0x0271	0x0BFC      	DECFSZ     R12, 1
0x0272	0x2A6F      	GOTO       L_music89
0x0273	0x0000      	NOP
0x0274	0x0000      	NOP
;deber.c,179 :: 		for(i = 0; i <= 75; i++){
0x0275	0x0AF1      	INCF       R1, 1
0x0276	0x1903      	BTFSC      STATUS, 2
0x0277	0x0AF2      	INCF       R1+1, 1
;deber.c,184 :: 		}
0x0278	0x2A51      	GOTO       L_music85
L_music86:
;deber.c,185 :: 		Delay_ms(10);
0x0279	0x301A      	MOVLW      26
0x027A	0x00FC      	MOVWF      R12
0x027B	0x30F8      	MOVLW      248
0x027C	0x00FD      	MOVWF      R13
L_music90:
0x027D	0x0BFD      	DECFSZ     R13, 1
0x027E	0x2A7D      	GOTO       L_music90
0x027F	0x0BFC      	DECFSZ     R12, 1
0x0280	0x2A7D      	GOTO       L_music90
0x0281	0x0000      	NOP
;deber.c,186 :: 		for(i = 0; i <= 150; i++){
0x0282	0x01F1      	CLRF       R1
0x0283	0x01F2      	CLRF       R1+1
L_music91:
0x0284	0x3080      	MOVLW      128
0x0285	0x00F0      	MOVWF      R0
0x0286	0x3080      	MOVLW      128
0x0287	0x0672      	XORWF      R1+1, 0
0x0288	0x0270      	SUBWF      R0, 0
0x0289	0x1D03      	BTFSS      STATUS, 2
0x028A	0x2A8D      	GOTO       L__music112
0x028B	0x0871      	MOVF       R1, 0
0x028C	0x3C96      	SUBLW      150
L__music112:
0x028D	0x1C03      	BTFSS      STATUS, 0
0x028E	0x2AAC      	GOTO       L_music92
;deber.c,187 :: 		PORTB = 0x01;
0x028F	0x1283      	BCF        STATUS, 5
0x0290	0x1303      	BCF        STATUS, 6
0x0291	0x3001      	MOVLW      1
0x0292	0x0086      	MOVWF      PORTB
;deber.c,188 :: 		F4;
0x0293	0x3008      	MOVLW      8
0x0294	0x00FC      	MOVWF      R12
0x0295	0x306F      	MOVLW      111
0x0296	0x00FD      	MOVWF      R13
L_music94:
0x0297	0x0BFD      	DECFSZ     R13, 1
0x0298	0x2A97      	GOTO       L_music94
0x0299	0x0BFC      	DECFSZ     R12, 1
0x029A	0x2A97      	GOTO       L_music94
0x029B	0x0000      	NOP
0x029C	0x0000      	NOP
;deber.c,189 :: 		PORTB = 0x00;
0x029D	0x0186      	CLRF       PORTB
;deber.c,190 :: 		F4;
0x029E	0x3008      	MOVLW      8
0x029F	0x00FC      	MOVWF      R12
0x02A0	0x306F      	MOVLW      111
0x02A1	0x00FD      	MOVWF      R13
L_music95:
0x02A2	0x0BFD      	DECFSZ     R13, 1
0x02A3	0x2AA2      	GOTO       L_music95
0x02A4	0x0BFC      	DECFSZ     R12, 1
0x02A5	0x2AA2      	GOTO       L_music95
0x02A6	0x0000      	NOP
0x02A7	0x0000      	NOP
;deber.c,186 :: 		for(i = 0; i <= 150; i++){
0x02A8	0x0AF1      	INCF       R1, 1
0x02A9	0x1903      	BTFSC      STATUS, 2
0x02AA	0x0AF2      	INCF       R1+1, 1
;deber.c,191 :: 		}
0x02AB	0x2A84      	GOTO       L_music91
L_music92:
;deber.c,192 :: 		Delay_ms(10);
0x02AC	0x301A      	MOVLW      26
0x02AD	0x00FC      	MOVWF      R12
0x02AE	0x30F8      	MOVLW      248
0x02AF	0x00FD      	MOVWF      R13
L_music96:
0x02B0	0x0BFD      	DECFSZ     R13, 1
0x02B1	0x2AB0      	GOTO       L_music96
0x02B2	0x0BFC      	DECFSZ     R12, 1
0x02B3	0x2AB0      	GOTO       L_music96
0x02B4	0x0000      	NOP
;deber.c,194 :: 		break;
0x02B5	0x2AD0      	GOTO       L_music7
;deber.c,195 :: 		}
L_music6:
0x02B6	0x1283      	BCF        STATUS, 5
0x02B7	0x1303      	BCF        STATUS, 6
0x02B8	0x0824      	MOVF       FARG_music_note, 0
0x02B9	0x3A01      	XORLW      1
0x02BA	0x1903      	BTFSC      STATUS, 2
0x02BB	0x2804      	GOTO       L_music8
0x02BC	0x0824      	MOVF       FARG_music_note, 0
0x02BD	0x3A02      	XORLW      2
0x02BE	0x1903      	BTFSC      STATUS, 2
0x02BF	0x288F      	GOTO       L_music26
0x02C0	0x0824      	MOVF       FARG_music_note, 0
0x02C1	0x3A03      	XORLW      3
0x02C2	0x1903      	BTFSC      STATUS, 2
0x02C3	0x28FA      	GOTO       L_music39
0x02C4	0x0824      	MOVF       FARG_music_note, 0
0x02C5	0x3A04      	XORLW      4
0x02C6	0x1903      	BTFSC      STATUS, 2
0x02C7	0x295B      	GOTO       L_music52
0x02C8	0x0824      	MOVF       FARG_music_note, 0
0x02C9	0x3A05      	XORLW      5
0x02CA	0x1903      	BTFSC      STATUS, 2
0x02CB	0x29BF      	GOTO       L_music65
0x02CC	0x0824      	MOVF       FARG_music_note, 0
0x02CD	0x3A06      	XORLW      6
0x02CE	0x1903      	BTFSC      STATUS, 2
0x02CF	0x2A20      	GOTO       L_music78
L_music7:
;deber.c,196 :: 		}
L_end_music:
0x02D0	0x0008      	RETURN
; end of _music
_main:
;deber.c,25 :: 		void main() {
;deber.c,27 :: 		PORTB = 0x00; //set inital state
0x02D1	0x1283      	BCF        STATUS, 5
0x02D2	0x1303      	BCF        STATUS, 6
0x02D3	0x0186      	CLRF       PORTB
;deber.c,29 :: 		TRISB = 0x00; //as output
0x02D4	0x1683      	BSF        STATUS, 5
0x02D5	0x0186      	CLRF       TRISB
;deber.c,33 :: 		TRISC3_bit = 1;
0x02D6	0x1587      	BSF        TRISC3_bit, BitPos(TRISC3_bit+0)
;deber.c,34 :: 		TRISA4_bit = 1;
0x02D7	0x1605      	BSF        TRISA4_bit, BitPos(TRISA4_bit+0)
;deber.c,37 :: 		SSPADD = 0xA0;  // Dirección del esclavo
0x02D8	0x30A0      	MOVLW      160
0x02D9	0x0093      	MOVWF      SSPADD
;deber.c,38 :: 		SSPSTAT = 0x80; // Slew rate off (para 100 kHz)
0x02DA	0x3080      	MOVLW      128
0x02DB	0x0094      	MOVWF      SSPSTAT
;deber.c,39 :: 		SSPCON = 0x36;  // Modo esclavo 7-bit + habilita SSP + CKP
0x02DC	0x3036      	MOVLW      54
0x02DD	0x1283      	BCF        STATUS, 5
0x02DE	0x0094      	MOVWF      SSPCON
;deber.c,40 :: 		SSPCON2 = 0x01; // Habilita esclavo
0x02DF	0x3001      	MOVLW      1
0x02E0	0x1683      	BSF        STATUS, 5
0x02E1	0x0091      	MOVWF      SSPCON2
;deber.c,41 :: 		while(1){
L_main0:
;deber.c,62 :: 		if(PIR1 & 0x08){
0x02E2	0x1283      	BCF        STATUS, 5
0x02E3	0x1D8C      	BTFSS      PIR1, 3
0x02E4	0x2AFB      	GOTO       L_main2
;deber.c,64 :: 		dummy = SSPBUF; // Leer para limpiar
0x02E5	0x0813      	MOVF       SSPBUF, 0
0x02E6	0x00A3      	MOVWF      main_dummy_L2
;deber.c,65 :: 		while (!(SSPSTAT & 0x01)); // Esperar a que BF = 1
L_main3:
0x02E7	0x1683      	BSF        STATUS, 5
0x02E8	0x1814      	BTFSC      SSPSTAT, 0
0x02E9	0x2AEB      	GOTO       L_main4
0x02EA	0x2AE7      	GOTO       L_main3
L_main4:
;deber.c,67 :: 		if ((SSPSTAT & 0x24) == 0x00) { // D_nA = 0, R_nW = 0
0x02EB	0x3024      	MOVLW      36
0x02EC	0x0514      	ANDWF      SSPSTAT, 0
0x02ED	0x00F1      	MOVWF      R1
0x02EE	0x0871      	MOVF       R1, 0
0x02EF	0x3A00      	XORLW      0
0x02F0	0x1D03      	BTFSS      STATUS, 2
0x02F1	0x2AF8      	GOTO       L_main5
;deber.c,68 :: 		unsigned char dato = SSPBUF; // Maestro escribe
0x02F2	0x1283      	BCF        STATUS, 5
0x02F3	0x0813      	MOVF       SSPBUF, 0
0x02F4	0x00A2      	MOVWF      main_dato_L3
;deber.c,69 :: 		music(dato);
0x02F5	0x0822      	MOVF       main_dato_L3, 0
0x02F6	0x00A4      	MOVWF      FARG_music_note
0x02F7	0x2003      	CALL       _music
;deber.c,70 :: 		}
L_main5:
;deber.c,72 :: 		PIR1 &= ~0x08; // Limpiar SSPIF
0x02F8	0x1283      	BCF        STATUS, 5
0x02F9	0x1303      	BCF        STATUS, 6
0x02FA	0x118C      	BCF        PIR1, 3
;deber.c,73 :: 		}
L_main2:
;deber.c,74 :: 		}
0x02FB	0x2AE2      	GOTO       L_main0
;deber.c,75 :: 		}
L_end_main:
0x02FC	0x2AFC      	GOTO       $+0
; end of _main
Symbol List:
//** Routines locations **
//ADDRESS    SIZE    PROCEDURE
//----------------------------------------------
0x0003     [718]    _music
0x02D1      [44]    _main
//** Variables locations ** 
//ADDRESS    SIZE    VARIABLE
//----------------------------------------------
0x0000       [1]    INDF
0x0003       [1]    STATUS
0x0004       [1]    FSR
0x0006       [1]    PORTB
0x000A       [1]    PCLATH
0x000C       [1]    PIR1
0x0013       [1]    SSPBUF
0x0014       [1]    SSPCON
0x0020       [2]    ___DoICPAddr
0x0022       [1]    main_dato_L3
0x0023       [1]    main_dummy_L2
0x0024       [1]    FARG_music_note
0x0070       [1]    R0
0x0071       [1]    R1
0x0072       [1]    R2
0x0073       [1]    R3
0x0074       [1]    R4
0x0075       [1]    R5
0x0076       [1]    R6
0x0077       [1]    R7
0x0078       [1]    R8
0x0079       [1]    R9
0x007A       [1]    R10
0x007B       [1]    R11
0x007C       [1]    R12
0x007D       [1]    R13
0x007E       [1]    R14
0x007F       [1]    R15
0x0085       [0]    TRISA4_bit
0x0086       [1]    TRISB
0x0087       [0]    TRISC3_bit
0x0091       [1]    SSPCON2
0x0093       [1]    SSPADD
0x0094       [1]    SSPSTAT
